<?xml version="1.0" encoding="UTF-8"?><testsuite errors="1" failures="0" name="pruebas en aplicativo startsharp" skipped="0" tests="1" time="3.43" timestamp="2024-02-02 09:11:19"><testcase name="crear unidad de negocio"><error message="Could not instantiate class org.openqa.selenium.chrome.ChromeDriver" type="net.thucydides.core.webdriver.UnsupportedDriverException">Could not instantiate class org.openqa.selenium.chrome.ChromeDriver</error><system-err>Could not instantiate class org.openqa.selenium.chrome.ChromeDriver&#13;
task.Login.performAs(Login.java:29)&#13;
stepdefinitions.StepDefinitions.seLogueaCorrectamenteEnLaPaginaConSusCredenciales(StepDefinitions.java:33)&#13;
cucumber.runner.Runner.runPickle(Runner.java:80)&#13;
worker.org.gradle.process.internal.worker.GradleWorkerMain.run(GradleWorkerMain.java:69)&#13;
worker.org.gradle.process.internal.worker.GradleWorkerMain.main(GradleWorkerMain.java:74)&#13;
</system-err></testcase></testsuite>